[0.701s] Invoking command in '/home/adml/ros2_ws/src/build/robot_bringup': PYTHONPATH=/home/adml/ros2_ws/src/build/robot_bringup/prefix_override:/usr/lib/python3/dist-packages/colcon_core/task/python/colcon_distutils_commands:/home/adml/ros2_ws/src/install/robot_bringup/lib/python3.10/site-packages:${PYTHONPATH} /usr/bin/python3 -W ignore:setup.py install is deprecated -W ignore:easy_install command is deprecated setup.py develop --editable --build-directory /home/adml/ros2_ws/src/build/robot_bringup/build --no-deps symlink_data
[0.856s] running develop
[0.939s] running egg_info
[0.939s] creating robot_bringup.egg-info
[0.939s] writing robot_bringup.egg-info/PKG-INFO
[0.939s] writing dependency_links to robot_bringup.egg-info/dependency_links.txt
[0.940s] writing entry points to robot_bringup.egg-info/entry_points.txt
[0.940s] writing requirements to robot_bringup.egg-info/requires.txt
[0.940s] writing top-level names to robot_bringup.egg-info/top_level.txt
[0.940s] writing manifest file 'robot_bringup.egg-info/SOURCES.txt'
[0.941s] reading manifest file 'robot_bringup.egg-info/SOURCES.txt'
[0.941s] writing manifest file 'robot_bringup.egg-info/SOURCES.txt'
[0.942s] running build_ext
[0.942s] Creating /home/adml/ros2_ws/src/install/robot_bringup/lib/python3.10/site-packages/robot-bringup.egg-link (link to .)
[0.943s] Installing heartbeat_publisher script to /home/adml/ros2_ws/src/install/robot_bringup/lib/robot_bringup
[0.943s] Installing status_logger script to /home/adml/ros2_ws/src/install/robot_bringup/lib/robot_bringup
[0.943s] 
[0.944s] Installed /home/adml/ros2_ws/src/build/robot_bringup
[0.944s] running symlink_data
[0.944s] creating /home/adml/ros2_ws/src/install/robot_bringup/share/ament_index
[0.944s] creating /home/adml/ros2_ws/src/install/robot_bringup/share/ament_index/resource_index
[0.944s] creating /home/adml/ros2_ws/src/install/robot_bringup/share/ament_index/resource_index/packages
[0.944s] symbolically linking /home/adml/ros2_ws/src/build/robot_bringup/resource/robot_bringup -> /home/adml/ros2_ws/src/install/robot_bringup/share/ament_index/resource_index/packages
[0.944s] symbolically linking /home/adml/ros2_ws/src/build/robot_bringup/package.xml -> /home/adml/ros2_ws/src/install/robot_bringup/share/robot_bringup
[0.962s] Invoked command in '/home/adml/ros2_ws/src/build/robot_bringup' returned '0': PYTHONPATH=/home/adml/ros2_ws/src/build/robot_bringup/prefix_override:/usr/lib/python3/dist-packages/colcon_core/task/python/colcon_distutils_commands:/home/adml/ros2_ws/src/install/robot_bringup/lib/python3.10/site-packages:${PYTHONPATH} /usr/bin/python3 -W ignore:setup.py install is deprecated -W ignore:easy_install command is deprecated setup.py develop --editable --build-directory /home/adml/ros2_ws/src/build/robot_bringup/build --no-deps symlink_data
