[0.530s] Invoking command in '/home/adml/ros2_ws/build/robot_bringup': PYTHONPATH=/home/adml/ros2_ws/build/robot_bringup/prefix_override:/usr/lib/python3/dist-packages/colcon_core/task/python/colcon_distutils_commands:/home/adml/ros2_ws/install/robot_bringup/lib/python3.10/site-packages:${PYTHONPATH} /usr/bin/python3 -W ignore:setup.py install is deprecated -W ignore:easy_install command is deprecated setup.py develop --editable --build-directory /home/adml/ros2_ws/build/robot_bringup/build --no-deps symlink_data
[0.721s] running develop
[0.823s] running egg_info
[0.823s] creating robot_bringup.egg-info
[0.823s] writing robot_bringup.egg-info/PKG-INFO
[0.824s] writing dependency_links to robot_bringup.egg-info/dependency_links.txt
[0.824s] writing entry points to robot_bringup.egg-info/entry_points.txt
[0.824s] writing requirements to robot_bringup.egg-info/requires.txt
[0.824s] writing top-level names to robot_bringup.egg-info/top_level.txt
[0.824s] writing manifest file 'robot_bringup.egg-info/SOURCES.txt'
[0.826s] reading manifest file 'robot_bringup.egg-info/SOURCES.txt'
[0.826s] writing manifest file 'robot_bringup.egg-info/SOURCES.txt'
[0.827s] running build_ext
[0.827s] Creating /home/adml/ros2_ws/install/robot_bringup/lib/python3.10/site-packages/robot-bringup.egg-link (link to .)
[0.828s] Installing heartbeat_publisher script to /home/adml/ros2_ws/install/robot_bringup/lib/robot_bringup
[0.828s] Installing status_logger script to /home/adml/ros2_ws/install/robot_bringup/lib/robot_bringup
[0.829s] 
[0.829s] Installed /home/adml/ros2_ws/build/robot_bringup
[0.830s] running symlink_data
[0.830s] creating /home/adml/ros2_ws/install/robot_bringup/share/ament_index
[0.830s] creating /home/adml/ros2_ws/install/robot_bringup/share/ament_index/resource_index
[0.830s] creating /home/adml/ros2_ws/install/robot_bringup/share/ament_index/resource_index/packages
[0.830s] symbolically linking /home/adml/ros2_ws/build/robot_bringup/resource/robot_bringup -> /home/adml/ros2_ws/install/robot_bringup/share/ament_index/resource_index/packages
[0.830s] symbolically linking /home/adml/ros2_ws/build/robot_bringup/package.xml -> /home/adml/ros2_ws/install/robot_bringup/share/robot_bringup
[0.852s] Invoked command in '/home/adml/ros2_ws/build/robot_bringup' returned '0': PYTHONPATH=/home/adml/ros2_ws/build/robot_bringup/prefix_override:/usr/lib/python3/dist-packages/colcon_core/task/python/colcon_distutils_commands:/home/adml/ros2_ws/install/robot_bringup/lib/python3.10/site-packages:${PYTHONPATH} /usr/bin/python3 -W ignore:setup.py install is deprecated -W ignore:easy_install command is deprecated setup.py develop --editable --build-directory /home/adml/ros2_ws/build/robot_bringup/build --no-deps symlink_data
